{"C:\\Users\\skyis\\OneDrive\\Desktop\\jwks-server\\keyStore.js": {"path":"C:\\Users\\skyis\\OneDrive\\Desktop\\jwks-server\\keyStore.js","statementMap":{"0":{"start":{"line":1,"column":32},"end":{"line":1,"column":49}},"1":{"start":{"line":2,"column":23},"end":{"line":2,"column":40}},"2":{"start":{"line":6,"column":8},"end":{"line":6,"column":23}},"3":{"start":{"line":10,"column":42},"end":{"line":12,"column":10}},"4":{"start":{"line":14,"column":20},"end":{"line":14,"column":32}},"5":{"start":{"line":15,"column":26},"end":{"line":15,"column":59}},"6":{"start":{"line":18,"column":20},"end":{"line":18,"column":55}},"7":{"start":{"line":20,"column":8},"end":{"line":20,"column":22}},"8":{"start":{"line":21,"column":8},"end":{"line":21,"column":26}},"9":{"start":{"line":22,"column":8},"end":{"line":22,"column":24}},"10":{"start":{"line":24,"column":8},"end":{"line":30,"column":11}},"11":{"start":{"line":34,"column":8},"end":{"line":34,"column":63}},"12":{"start":{"line":34,"column":37},"end":{"line":34,"column":61}},"13":{"start":{"line":38,"column":8},"end":{"line":38,"column":61}},"14":{"start":{"line":38,"column":35},"end":{"line":38,"column":59}},"15":{"start":{"line":42,"column":8},"end":{"line":44,"column":10}},"16":{"start":{"line":43,"column":47},"end":{"line":43,"column":52}},"17":{"start":{"line":48,"column":8},"end":{"line":48,"column":49}},"18":{"start":{"line":48,"column":21},"end":{"line":48,"column":49}},"19":{"start":{"line":49,"column":8},"end":{"line":49,"column":38}},"20":{"start":{"line":53,"column":0},"end":{"line":53,"column":32}}},"fnMap":{"0":{"name":"(anonymous_0)","decl":{"start":{"line":5,"column":4},"end":{"line":5,"column":5}},"loc":{"start":{"line":5,"column":18},"end":{"line":7,"column":5}},"line":5},"1":{"name":"(anonymous_1)","decl":{"start":{"line":9,"column":4},"end":{"line":9,"column":5}},"loc":{"start":{"line":9,"column":31},"end":{"line":31,"column":5}},"line":9},"2":{"name":"(anonymous_2)","decl":{"start":{"line":33,"column":4},"end":{"line":33,"column":5}},"loc":{"start":{"line":33,"column":19},"end":{"line":35,"column":5}},"line":33},"3":{"name":"(anonymous_3)","decl":{"start":{"line":34,"column":32},"end":{"line":34,"column":33}},"loc":{"start":{"line":34,"column":37},"end":{"line":34,"column":61}},"line":34},"4":{"name":"(anonymous_4)","decl":{"start":{"line":37,"column":4},"end":{"line":37,"column":5}},"loc":{"start":{"line":37,"column":20},"end":{"line":39,"column":5}},"line":37},"5":{"name":"(anonymous_5)","decl":{"start":{"line":38,"column":30},"end":{"line":38,"column":31}},"loc":{"start":{"line":38,"column":35},"end":{"line":38,"column":59}},"line":38},"6":{"name":"(anonymous_6)","decl":{"start":{"line":41,"column":4},"end":{"line":41,"column":5}},"loc":{"start":{"line":41,"column":14},"end":{"line":45,"column":5}},"line":41},"7":{"name":"(anonymous_7)","decl":{"start":{"line":43,"column":42},"end":{"line":43,"column":43}},"loc":{"start":{"line":43,"column":47},"end":{"line":43,"column":52}},"line":43},"8":{"name":"(anonymous_8)","decl":{"start":{"line":47,"column":4},"end":{"line":47,"column":5}},"loc":{"start":{"line":47,"column":35},"end":{"line":50,"column":5}},"line":47}},"branchMap":{"0":{"loc":{"start":{"line":47,"column":18},"end":{"line":47,"column":33}},"type":"default-arg","locations":[{"start":{"line":47,"column":28},"end":{"line":47,"column":33}}],"line":47},"1":{"loc":{"start":{"line":48,"column":8},"end":{"line":48,"column":49}},"type":"if","locations":[{"start":{"line":48,"column":8},"end":{"line":48,"column":49}},{"start":{},"end":{}}],"line":48}},"s":{"0":1,"1":1,"2":1,"3":2,"4":2,"5":2,"6":2,"7":2,"8":2,"9":2,"10":2,"11":2,"12":4,"13":1,"14":2,"15":1,"16":1,"17":2,"18":1,"19":1,"20":1},"f":{"0":1,"1":2,"2":2,"3":4,"4":1,"5":2,"6":1,"7":1,"8":2},"b":{"0":[0],"1":[1,1]},"_coverageSchema":"1a1c01bbd47fc00a2c39e90264f33305004495a9","hash":"5094e1ceb89266463066a779e5eaff2d7543cf74"}
,"C:\\Users\\skyis\\OneDrive\\Desktop\\jwks-server\\server.js": {"path":"C:\\Users\\skyis\\OneDrive\\Desktop\\jwks-server\\server.js","statementMap":{"0":{"start":{"line":1,"column":16},"end":{"line":1,"column":34}},"1":{"start":{"line":2,"column":17},"end":{"line":2,"column":38}},"2":{"start":{"line":3,"column":18},"end":{"line":3,"column":42}},"3":{"start":{"line":4,"column":18},"end":{"line":4,"column":42}},"4":{"start":{"line":6,"column":12},"end":{"line":6,"column":21}},"5":{"start":{"line":7,"column":0},"end":{"line":7,"column":24}},"6":{"start":{"line":9,"column":0},"end":{"line":9,"column":19}},"7":{"start":{"line":10,"column":0},"end":{"line":10,"column":19}},"8":{"start":{"line":13,"column":0},"end":{"line":13,"column":27}},"9":{"start":{"line":14,"column":0},"end":{"line":14,"column":28}},"10":{"start":{"line":17,"column":0},"end":{"line":21,"column":1}},"11":{"start":{"line":18,"column":4},"end":{"line":20,"column":7}},"12":{"start":{"line":19,"column":8},"end":{"line":19,"column":56}},"13":{"start":{"line":23,"column":0},"end":{"line":23,"column":21}}},"fnMap":{"0":{"name":"(anonymous_0)","decl":{"start":{"line":18,"column":21},"end":{"line":18,"column":22}},"loc":{"start":{"line":18,"column":27},"end":{"line":20,"column":5}},"line":18}},"branchMap":{"0":{"loc":{"start":{"line":17,"column":0},"end":{"line":21,"column":1}},"type":"if","locations":[{"start":{"line":17,"column":0},"end":{"line":21,"column":1}},{"start":{},"end":{}}],"line":17}},"s":{"0":1,"1":1,"2":1,"3":1,"4":1,"5":1,"6":1,"7":1,"8":1,"9":1,"10":1,"11":0,"12":0,"13":1},"f":{"0":0},"b":{"0":[0,1]},"_coverageSchema":"1a1c01bbd47fc00a2c39e90264f33305004495a9","hash":"e689a98588d3b569aaa8f5223e9a552bc7904d8b"}
,"C:\\Users\\skyis\\OneDrive\\Desktop\\jwks-server\\routes\\auth.js": {"path":"C:\\Users\\skyis\\OneDrive\\Desktop\\jwks-server\\routes\\auth.js","statementMap":{"0":{"start":{"line":1,"column":16},"end":{"line":1,"column":34}},"1":{"start":{"line":2,"column":12},"end":{"line":2,"column":35}},"2":{"start":{"line":3,"column":15},"end":{"line":3,"column":31}},"3":{"start":{"line":4,"column":17},"end":{"line":4,"column":39}},"4":{"start":{"line":6,"column":0},"end":{"line":27,"column":3}},"5":{"start":{"line":7,"column":20},"end":{"line":7,"column":51}},"6":{"start":{"line":9,"column":16},"end":{"line":9,"column":47}},"7":{"start":{"line":11,"column":4},"end":{"line":13,"column":5}},"8":{"start":{"line":12,"column":8},"end":{"line":12,"column":67}},"9":{"start":{"line":15,"column":20},"end":{"line":19,"column":5}},"10":{"start":{"line":21,"column":18},"end":{"line":24,"column":6}},"11":{"start":{"line":26,"column":4},"end":{"line":26,"column":24}},"12":{"start":{"line":29,"column":0},"end":{"line":29,"column":24}}},"fnMap":{"0":{"name":"(anonymous_0)","decl":{"start":{"line":6,"column":21},"end":{"line":6,"column":22}},"loc":{"start":{"line":6,"column":35},"end":{"line":27,"column":1}},"line":6}},"branchMap":{"0":{"loc":{"start":{"line":11,"column":4},"end":{"line":13,"column":5}},"type":"if","locations":[{"start":{"line":11,"column":4},"end":{"line":13,"column":5}},{"start":{},"end":{}}],"line":11}},"s":{"0":1,"1":1,"2":1,"3":1,"4":1,"5":2,"6":2,"7":2,"8":0,"9":2,"10":2,"11":2,"12":1},"f":{"0":2},"b":{"0":[0,2]},"_coverageSchema":"1a1c01bbd47fc00a2c39e90264f33305004495a9","hash":"fac3ebe3e9cd1fab52b4ef1b4acb8c8076b2e5f1"}
,"C:\\Users\\skyis\\OneDrive\\Desktop\\jwks-server\\routes\\jwks.js": {"path":"C:\\Users\\skyis\\OneDrive\\Desktop\\jwks-server\\routes\\jwks.js","statementMap":{"0":{"start":{"line":1,"column":16},"end":{"line":1,"column":34}},"1":{"start":{"line":2,"column":15},"end":{"line":2,"column":31}},"2":{"start":{"line":3,"column":17},"end":{"line":3,"column":39}},"3":{"start":{"line":5,"column":0},"end":{"line":7,"column":3}},"4":{"start":{"line":6,"column":4},"end":{"line":6,"column":33}},"5":{"start":{"line":9,"column":0},"end":{"line":9,"column":24}}},"fnMap":{"0":{"name":"(anonymous_0)","decl":{"start":{"line":5,"column":37},"end":{"line":5,"column":38}},"loc":{"start":{"line":5,"column":51},"end":{"line":7,"column":1}},"line":5}},"branchMap":{},"s":{"0":1,"1":1,"2":1,"3":1,"4":1,"5":1},"f":{"0":1},"b":{},"_coverageSchema":"1a1c01bbd47fc00a2c39e90264f33305004495a9","hash":"9de7b254f777d2e5ef8c7ca068d908cf0fd585d3"}
}
